


materialPath: C:\Program Files (x86)\Steam\steamapps\common\Alien Swarm Reactive Drop\reactivedrop\materials
Loading c:\users\edwin\desktop\rml\root\maps\instances\instance_tile_start.vmf
fixing up env_cubemap materials on brush sides...
0...1...2...3...4...5...6...7...8...9...100...1...2...3...4...5...6...7...8...9...10Processing areas...done (0)
Building Faces...done (0)
FixTjuncs...
PruneNodes...
WriteBSP...
done (0)
writing c:\users\edwin\desktop\rml\root\maps\instances\instance_tile_start.prt...Building visibility clusters...
done (0)
Finding displacement neighbors...
Finding lightmap sample positions...
Displacement Alpha : 0...1...2...3...4...5...6...7...8...9...10
Building Physics collision data...
done (0) (20328 bytes)
Placing detail props : 0...1...2...3...4...5...6...7...8...9...10
Compacting texture/material tables...
Reduced 169 texinfos to 52
Reduced 10 texdatas to 9 (202 bytes to 180)
Writing c:\users\edwin\desktop\rml\root\maps\instances\instance_tile_start.bsp
0 seconds elapsed



12 threads
reading c:\users\edwin\desktop\rml\root\maps\instances\instance_tile_start.bsp
reading c:\users\edwin\desktop\rml\root\maps\instances\instance_tile_start.prt
   4 portalclusters
   4 numportals
0...1...2...3...4...5...6...7...8...9...100...1...2...3...4...5...6...7...8...9...10Optimized: 0 visible clusters (0.00%)
Total clusters visible: 16
Average clusters visible: 4
Building PAS...
Average clusters audible: 4
visdatasize:44  compressed from 64
writing c:\users\edwin\desktop\rml\root\maps\instances\instance_tile_start.bsp
0 seconds elapsed
