


materialPath: C:\Program Files (x86)\Steam\steamapps\common\Alien Swarm Reactive Drop\reactivedrop\materials
Loading c:\users\edwin\desktop\rml\root\maps\instances\instance_tile_branchend1.vmf
fixing up env_cubemap materials on brush sides...
0...1...2...3...4...5...6...7...8...9...100...1...2...3...4...5...6...7...8...9...10Processing areas...done (0)
Building Faces...done (0)
FixTjuncs...
PruneNodes...
WriteBSP...
done (0)
writing c:\users\edwin\desktop\rml\root\maps\instances\instance_tile_branchend1.prt...Building visibility clusters...
done (0)
Finding displacement neighbors...
Finding lightmap sample positions...
Displacement Alpha : 0...1...2...3...4...5...6...7...8...9...10
Building Physics collision data...
done (0) (12394 bytes)
Placing detail props : 0...1...2...3...4...5...6...7...8...9...10
Compacting texture/material tables...
Reduced 99 texinfos to 27
Reduced 11 texdatas to 10 (221 bytes to 199)
Writing c:\users\edwin\desktop\rml\root\maps\instances\instance_tile_branchend1.bsp
0 seconds elapsed



12 threads
reading c:\users\edwin\desktop\rml\root\maps\instances\instance_tile_branchend1.bsp
reading c:\users\edwin\desktop\rml\root\maps\instances\instance_tile_branchend1.prt
   4 portalclusters
   4 numportals
0...1...2...3...4...5...6...7...8...9...100...1...2...3...4...5...6...7...8...9...10Optimized: 0 visible clusters (0.00%)
Total clusters visible: 16
Average clusters visible: 4
Building PAS...
Average clusters audible: 4
visdatasize:44  compressed from 64
writing c:\users\edwin\desktop\rml\root\maps\instances\instance_tile_branchend1.bsp
0 seconds elapsed



[Reading texlights from 'lights.rad']
[53 texlights parsed from 'lights.rad']

Loading c:\users\edwin\desktop\rml\root\maps\instances\instance_tile_branchend1.bsp
62 faces
69057 square feet [9944320.00 square inches]
0 Displacements
0 Square Feet [0.00 Square Inches]
62 patches before subdivision
586 patches after subdivision
0 direct lights
0...1...2...3...4...5...6...7...8...9...100...1...2...3...4...5...6...7...8...9...10transfers 0, max 0
transfer lists:   0.0 megs
0...1...2...3...4...5...6...7...8...9...10	Bounce #1 added RGB(0, 0, 0)
Build Patch/Sample Hash Table(s).....Done<0.0001 sec>
0...1...2...3...4...5...6...7...8...9...10FinalLightFace Done
0 of 0 (0% of) surface lights went in leaf ambient cubes.
0...1...2...3...4...5...6...7...8...9...10Writing leaf ambient...done
Ready to Finish

Object names       Objects/Maxobjs  Memory / Maxmem  Fullness 
------------       ---------------  ---------------  -------- 
models                   5/1024          240/49152    ( 0.5%) 
brushes                 28/8192          336/98304    ( 0.3%) 
brushsides             176/65536        1408/524288   ( 0.3%) 
planes                 150/65536        3000/1310720  ( 0.2%) 
vertexes               117/65536        1404/786432   ( 0.2%) 
nodes                   99/65536        3168/2097152  ( 0.2%) 
texinfos                27/12288        1944/884736   ( 0.2%) 
texdata                 10/2048          320/65536    ( 0.5%) 
dispinfos                0/0               0/0        ( 0.0%) 
disp_verts               0/0               0/0        ( 0.0%) 
disp_tris                0/0               0/0        ( 0.0%) 
disp_multiblend          0/0               0/0        ( 0.0%) 
disp_lmsamples           0/0               0/0        ( 0.0%) 
faces                   62/65536        3472/3670016  ( 0.1%) 
hdr faces               62/65536        3472/3670016  ( 0.1%) 
origfaces               46/65536        2576/3670016  ( 0.1%) 
leaves                 105/65536        3360/2097152  ( 0.2%) 
leaffaces               67/65536         134/131072   ( 0.1%) 
leafbrushes             40/65536          80/131072   ( 0.1%) 
areas                    2/256            16/2048     ( 0.8%) 
surfedges              456/512000       1824/2048000  ( 0.1%) 
edges                  322/256000       1288/1024000  ( 0.1%) 
LDR worldlights          0/8192            0/819200   ( 0.0%) 
HDR worldlights          0/8192            0/819200   ( 0.0%) 
leafwaterdata            0/32768           0/393216   ( 0.0%) 
waterstrips              0/32768           0/327680   ( 0.0%) 
waterverts               0/65536           0/786432   ( 0.0%) 
waterindices             0/65536           0/131072   ( 0.0%) 
cubemapsamples           0/1024            0/16384    ( 0.0%) 
overlays                 0/512             0/180224   ( 0.0%) 
LDR lightdata         [variable]           0/0        ( 0.0%) 
HDR lightdata         [variable]       22804/0        ( 0.0%) 
visdata               [variable]          44/16777216 ( 0.0%) 
entdata               [variable]        3129/393216   ( 0.8%) 
LDR ambient table      105/65536         420/262144   ( 0.2%) 
HDR ambient table      105/65536         420/262144   ( 0.2%) 
LDR leaf ambient       105/65536        2940/1835008  ( 0.2%) 
HDR leaf ambient        75/65536        2100/1835008  ( 0.1%) 
occluders                0/0               0/0        ( 0.0%) 
occluder polygons        0/0               0/0        ( 0.0%) 
occluder vert ind        0/0               0/0        ( 0.0%) 
Prop Hull Verts          0/0               0/0        ( 0.0%) 
Prop Hull Blob           0/0               0/0        ( 0.0%) 
Prop Hull Lists          0/0               0/0        ( 0.0%) 
Prop Hulls               0/0               0/0        ( 0.0%) 
Prop Hull trilist        0/0               0/0        ( 0.0%) 
detail props          [variable]           1/12       ( 8.3%) 
static props          [variable]           1/12       ( 8.3%) 
pakfile               [variable]       74494/0        ( 0.0%) 
physics               [variable]       12394/4194304  ( 0.3%) 
physics terrain       [variable]           2/1048576  ( 0.0%) 

Level flags = 0

Total triangle count: 148
Writing c:\users\edwin\desktop\rml\root\maps\instances\instance_tile_branchend1.bsp
1 second elapsed
